[18:38:46][E][localize.cpp:1854]: Localization file 'localization/french/capellania_l_french.yml' should be in in utf-8-bom encoding
[18:38:46][E][localization_reader.cpp:402]: Missing UTF8 BOM in 'localization/french/capellania_l_french.yml'
[18:39:21][E][pdx_gui_localize.cpp:207]: Unlocalized text 'CAPELLANIA_WINDOW_TITLE' at gui/window_court_chapel.gui:21, either localize it or use the raw_text property instead of text
[18:39:21][E][pdx_gui_localize.cpp:207]: Unlocalized text 'CAPELLANIA_SLOT_VITRAUX_NAME' at gui/window_court_chapel.gui:66, either localize it or use the raw_text property instead of text
[18:39:21][E][pdx_gui_localize.cpp:207]: Unlocalized text 'CAPELLANIA_UPGRADE_NONE' at gui/window_court_chapel.gui:71, either localize it or use the raw_text property instead of text
[18:39:21][E][pdx_gui_localize.cpp:207]: Unlocalized text 'CAPELLANIA_UPGRADE_BASIC' at gui/window_court_chapel.gui:76, either localize it or use the raw_text property instead of text
[18:39:21][E][pdx_gui_localize.cpp:207]: Unlocalized text 'CAPELLANIA_UPGRADE_DYNASTIC' at gui/window_court_chapel.gui:81, either localize it or use the raw_text property instead of text
[18:39:21][E][pdx_gui_localize.cpp:207]: Unlocalized text 'CAPELLANIA_SLOT_AUTEL_NAME' at gui/window_court_chapel.gui:102, either localize it or use the raw_text property instead of text
[18:39:21][E][pdx_gui_localize.cpp:207]: Unlocalized text 'CAPELLANIA_UPGRADE_NONE' at gui/window_court_chapel.gui:107, either localize it or use the raw_text property instead of text
[18:39:21][E][pdx_gui_localize.cpp:207]: Unlocalized text 'CAPELLANIA_UPGRADE_BASIC' at gui/window_court_chapel.gui:112, either localize it or use the raw_text property instead of text
[18:39:21][E][pdx_gui_localize.cpp:207]: Unlocalized text 'CAPELLANIA_UPGRADE_FLEMISH' at gui/window_court_chapel.gui:117, either localize it or use the raw_text property instead of text
[18:39:21][E][pdx_gui_localize.cpp:207]: Unlocalized text 'CAPELLANIA_SLOT_TOMBEAUX_NAME' at gui/window_court_chapel.gui:138, either localize it or use the raw_text property instead of text
[18:39:21][E][pdx_gui_localize.cpp:207]: Unlocalized text 'CAPELLANIA_UPGRADE_NONE' at gui/window_court_chapel.gui:143, either localize it or use the raw_text property instead of text
[18:39:21][E][pdx_gui_localize.cpp:207]: Unlocalized text 'CAPELLANIA_UPGRADE_BASIC' at gui/window_court_chapel.gui:148, either localize it or use the raw_text property instead of text
[18:39:21][E][pdx_gui_localize.cpp:207]: Unlocalized text 'CAPELLANIA_UPGRADE_SOLENNEL' at gui/window_court_chapel.gui:153, either localize it or use the raw_text property instead of text
[18:39:21][E][pdx_gui_localize.cpp:207]: Unlocalized text 'CAPELLANIA_SLOT_MOBILIER_NAME' at gui/window_court_chapel.gui:174, either localize it or use the raw_text property instead of text
[18:39:21][E][pdx_gui_localize.cpp:207]: Unlocalized text 'CAPELLANIA_UPGRADE_NONE' at gui/window_court_chapel.gui:179, either localize it or use the raw_text property instead of text
[18:39:21][E][pdx_gui_localize.cpp:207]: Unlocalized text 'CAPELLANIA_UPGRADE_BASIC' at gui/window_court_chapel.gui:184, either localize it or use the raw_text property instead of text
[18:39:21][E][pdx_gui_localize.cpp:207]: Unlocalized text 'CAPELLANIA_UPGRADE_COMPLET' at gui/window_court_chapel.gui:189, either localize it or use the raw_text property instead of text
[18:39:21][E][pdx_gui_localize.cpp:207]: Unlocalized text 'CAPELLANIA_PRESTIGE_LABEL' at gui/window_court_chapel.gui:203, either localize it or use the raw_text property instead of text
[18:39:21][E][pdx_gui_localize.cpp:207]: Unlocalized text 'CAPELLANIA_CAPACITY_LABEL' at gui/window_court_chapel.gui:212, either localize it or use the raw_text property instead of text
[18:39:21][E][pdx_gui_localize.cpp:207]: Unlocalized text 'CAPELLANIA_DISCIPLINE_LABEL' at gui/window_court_chapel.gui:221, either localize it or use the raw_text property instead of text
[18:39:21][E][pdx_gui_localize.cpp:207]: Unlocalized text 'CAPELLANIA_CONFORMITY_LABEL' at gui/window_court_chapel.gui:230, either localize it or use the raw_text property instead of text
[18:39:21][E][pdx_gui_localize.cpp:207]: Unlocalized text 'CAPELLANIA_DETAIL_PANEL_HEADER' at gui/window_court_chapel.gui:253, either localize it or use the raw_text property instead of text
[18:39:21][E][pdx_gui_localize.cpp:207]: Unlocalized text 'CAPELLANIA_SELECT_SLOT_INSTRUCTION' at gui/window_court_chapel.gui:266, either localize it or use the raw_text property instead of text
[18:39:21][E][pdx_gui_localize.cpp:207]: Unlocalized text 'CAPELLANIA_SLOT_AUTEL_NAME' at gui/window_court_chapel.gui:279, either localize it or use the raw_text property instead of text
[18:39:21][E][pdx_gui_localize.cpp:207]: Unlocalized text 'CAPELLANIA_SLOT_AUTEL_DETAIL_DESC' at gui/window_court_chapel.gui:285, either localize it or use the raw_text property instead of text
[18:39:21][E][pdx_gui_localize.cpp:207]: Unlocalized text 'CAPELLANIA_ORDER_RETABLE' at gui/window_court_chapel.gui:292, either localize it or use the raw_text property instead of text
[18:39:21][E][pdx_gui_localize.cpp:207]: Unlocalized text 'CAPELLANIA_SLOT_VITRAUX_NAME' at gui/window_court_chapel.gui:306, either localize it or use the raw_text property instead of text
[18:39:21][E][pdx_gui_localize.cpp:207]: Unlocalized text 'CAPELLANIA_SLOT_VITRAUX_DETAIL_DESC' at gui/window_court_chapel.gui:312, either localize it or use the raw_text property instead of text
[18:39:21][E][pdx_gui_localize.cpp:207]: Unlocalized text 'CAPELLANIA_ORDER_VITRAUX' at gui/window_court_chapel.gui:318, either localize it or use the raw_text property instead of text
[18:39:21][E][pdx_gui_localize.cpp:207]: Unlocalized text 'CAPELLANIA_SLOT_TOMBEAUX_NAME' at gui/window_court_chapel.gui:332, either localize it or use the raw_text property instead of text
[18:39:21][E][pdx_gui_localize.cpp:207]: Unlocalized text 'CAPELLANIA_SLOT_TOMBEAUX_DETAIL_DESC' at gui/window_court_chapel.gui:338, either localize it or use the raw_text property instead of text
[18:39:21][E][pdx_gui_localize.cpp:207]: Unlocalized text 'CAPELLANIA_ORDER_TOMBEAUX' at gui/window_court_chapel.gui:344, either localize it or use the raw_text property instead of text
[18:39:21][E][pdx_gui_localize.cpp:207]: Unlocalized text 'CAPELLANIA_SLOT_MOBILIER_NAME' at gui/window_court_chapel.gui:358, either localize it or use the raw_text property instead of text
[18:39:21][E][pdx_gui_localize.cpp:207]: Unlocalized text 'CAPELLANIA_SLOT_MOBILIER_DETAIL_DESC' at gui/window_court_chapel.gui:364, either localize it or use the raw_text property instead of text
[18:39:21][E][pdx_gui_localize.cpp:207]: Unlocalized text 'CAPELLANIA_ORDER_MOBILIER' at gui/window_court_chapel.gui:370, either localize it or use the raw_text property instead of text
[18:41:05][E][pdx_persistent_reader.cpp:216]: Error: "Unexpected token: group, near line: 5" in file: "common/situation/situations/capellania_situations.txt" near line: 5
[18:41:08][E][jomini_dynamicdescription.cpp:66]: Unrecognized loc key capellania_found_chapel_title. file: common/decisions/capellania_decisions.txt line: 4 (capellania_found_chapel)
[18:41:08][E][jomini_dynamicdescription.cpp:66]: Unrecognized loc key capellania_found_chapel_desc. file: common/decisions/capellania_decisions.txt line: 5 (capellania_found_chapel)
[18:41:08][E][jomini_dynamicdescription.cpp:66]: Unrecognized loc key capellania_found_chapel_confirm. file: common/decisions/capellania_decisions.txt line: 6 (capellania_found_chapel)
[18:41:08][E][jomini_dynamicdescription.cpp:66]: Unrecognized loc key capellania_found_chapel_tooltip. capellania_found_chapel
[18:41:08][E][decision_type.cpp:241]: Decision picture capellania_found_chapel missing entries
[18:41:08][E][jomini_dynamicdescription.cpp:66]: Unrecognized loc key capellania_open_chapel_title. file: common/decisions/capellania_decisions.txt line: 28 (capellania_open_chapel)
[18:41:08][E][jomini_dynamicdescription.cpp:66]: Unrecognized loc key capellania_open_chapel_desc. file: common/decisions/capellania_decisions.txt line: 29 (capellania_open_chapel)
[18:41:08][E][jomini_dynamicdescription.cpp:66]: Unrecognized loc key capellania_open_chapel_confirm. file: common/decisions/capellania_decisions.txt line: 30 (capellania_open_chapel)
[18:41:08][E][jomini_dynamicdescription.cpp:66]: Unrecognized loc key capellania_open_chapel_tooltip. capellania_open_chapel
[18:41:08][E][decision_type.cpp:241]: Decision picture capellania_open_chapel missing entries
